Determining if the pthread_create exist failed with the following output:
Change Dir: /home/suli/git/AutonomyProject/ros/build/CMakeFiles/CMakeTmp

Run Build Command:"/usr/bin/make" "cmTC_eb0bd/fast"
/usr/bin/make -f CMakeFiles/cmTC_eb0bd.dir/build.make CMakeFiles/cmTC_eb0bd.dir/build
make[1]: Entering directory '/home/suli/git/AutonomyProject/ros/build/CMakeFiles/CMakeTmp'
Building C object CMakeFiles/cmTC_eb0bd.dir/CheckSymbolExists.c.o
/usr/bin/cc    -o CMakeFiles/cmTC_eb0bd.dir/CheckSymbolExists.c.o   -c /home/suli/git/AutonomyProject/ros/build/CMakeFiles/CMakeTmp/CheckSymbolExists.c
Linking C executable cmTC_eb0bd
/usr/bin/cmake -E cmake_link_script CMakeFiles/cmTC_eb0bd.dir/link.txt --verbose=1
/usr/bin/cc      -rdynamic CMakeFiles/cmTC_eb0bd.dir/CheckSymbolExists.c.o  -o cmTC_eb0bd 
CMakeFiles/cmTC_eb0bd.dir/CheckSymbolExists.c.o: In function `main':
CheckSymbolExists.c:(.text+0x1b): undefined reference to `pthread_create'
collect2: error: ld returned 1 exit status
CMakeFiles/cmTC_eb0bd.dir/build.make:97: recipe for target 'cmTC_eb0bd' failed
make[1]: *** [cmTC_eb0bd] Error 1
make[1]: Leaving directory '/home/suli/git/AutonomyProject/ros/build/CMakeFiles/CMakeTmp'
Makefile:126: recipe for target 'cmTC_eb0bd/fast' failed
make: *** [cmTC_eb0bd/fast] Error 2

File /home/suli/git/AutonomyProject/ros/build/CMakeFiles/CMakeTmp/CheckSymbolExists.c:
/* */
#include <pthread.h>

int main(int argc, char** argv)
{
  (void)argv;
#ifndef pthread_create
  return ((int*)(&pthread_create))[argc];
#else
  (void)argc;
  return 0;
#endif
}

Determining if the function pthread_create exists in the pthreads failed with the following output:
Change Dir: /home/suli/git/AutonomyProject/ros/build/CMakeFiles/CMakeTmp

Run Build Command:"/usr/bin/make" "cmTC_773f7/fast"
/usr/bin/make -f CMakeFiles/cmTC_773f7.dir/build.make CMakeFiles/cmTC_773f7.dir/build
make[1]: Entering directory '/home/suli/git/AutonomyProject/ros/build/CMakeFiles/CMakeTmp'
Building C object CMakeFiles/cmTC_773f7.dir/CheckFunctionExists.c.o
/usr/bin/cc   -DCHECK_FUNCTION_EXISTS=pthread_create   -o CMakeFiles/cmTC_773f7.dir/CheckFunctionExists.c.o   -c /usr/share/cmake-3.10/Modules/CheckFunctionExists.c
Linking C executable cmTC_773f7
/usr/bin/cmake -E cmake_link_script CMakeFiles/cmTC_773f7.dir/link.txt --verbose=1
/usr/bin/cc  -DCHECK_FUNCTION_EXISTS=pthread_create    -rdynamic CMakeFiles/cmTC_773f7.dir/CheckFunctionExists.c.o  -o cmTC_773f7 -lpthreads 
/usr/bin/ld: cannot find -lpthreads
collect2: error: ld returned 1 exit status
CMakeFiles/cmTC_773f7.dir/build.make:97: recipe for target 'cmTC_773f7' failed
make[1]: *** [cmTC_773f7] Error 1
make[1]: Leaving directory '/home/suli/git/AutonomyProject/ros/build/CMakeFiles/CMakeTmp'
Makefile:126: recipe for target 'cmTC_773f7/fast' failed
make: *** [cmTC_773f7/fast] Error 2


